
liba.o:     file format elf64-x86-64
liba.o
architecture: i386:x86-64, flags 0x00000011:
HAS_RELOC, HAS_SYMS
start address 0x0000000000000000

Sections:
Idx Name                   Size      VMA               LMA               File off  Algn  Flags
  0 .text                  00000000  0000000000000000  0000000000000000  00000040  2**0  CONTENTS, ALLOC, LOAD, READONLY, CODE
  1 .data                  00000000  0000000000000000  0000000000000000  00000040  2**0  CONTENTS, ALLOC, LOAD, DATA
  2 .bss                   00000000  0000000000000000  0000000000000000  00000040  2**0  ALLOC
  3 .rodata                00000008  0000000000000000  0000000000000000  00000040  2**0  CONTENTS, ALLOC, LOAD, READONLY, DATA
  4 .text._liba            0000002a  0000000000000000  0000000000000000  00000048  2**0  CONTENTS, ALLOC, LOAD, RELOC, READONLY, CODE
  5 .rodata.__FUNCTION__.0 00000006  0000000000000000  0000000000000000  00000072  2**0  CONTENTS, ALLOC, LOAD, READONLY, DATA
  6 .comment               00000013  0000000000000000  0000000000000000  00000078  2**0  CONTENTS, READONLY
  7 .note.GNU-stack        00000000  0000000000000000  0000000000000000  0000008b  2**0  CONTENTS, READONLY
  8 .note.gnu.property     00000030  0000000000000000  0000000000000000  00000090  2**3  CONTENTS, ALLOC, LOAD, READONLY, DATA
  9 .eh_frame              00000038  0000000000000000  0000000000000000  000000c0  2**3  CONTENTS, ALLOC, LOAD, RELOC, READONLY, DATA
SYMBOL TABLE:
0000000000000000 l    df *ABS*	0000000000000000 liba.c
0000000000000000 l    d  .rodata	0000000000000000 .rodata
0000000000000000 l    d  .text._liba	0000000000000000 .text._liba
0000000000000000 l     O .rodata.__FUNCTION__.0	0000000000000006 __FUNCTION__.0
0000000000000000 l    d  .rodata.__FUNCTION__.0	0000000000000000 .rodata.__FUNCTION__.0
0000000000000000 g     F .text._liba	000000000000002a _liba
0000000000000000         *UND*	0000000000000000 _GLOBAL_OFFSET_TABLE_
0000000000000000         *UND*	0000000000000000 printf



Disassembly of section .text._liba:

0000000000000000 <_liba>:
_liba():
   0:	55                   	push   %rbp
   1:	48 89 e5             	mov    %rsp,%rbp
   4:	ba 05 00 00 00       	mov    $0x5,%edx
   9:	48 8d 05 00 00 00 00 	lea    0x0(%rip),%rax        # 10 <_liba+0x10>	c: R_X86_64_PC32	.rodata.__FUNCTION__.0-0x4
  10:	48 89 c6             	mov    %rax,%rsi
  13:	48 8d 05 00 00 00 00 	lea    0x0(%rip),%rax        # 1a <_liba+0x1a>	16: R_X86_64_PC32	.rodata-0x4
  1a:	48 89 c7             	mov    %rax,%rdi
  1d:	b8 00 00 00 00       	mov    $0x0,%eax
  22:	e8 00 00 00 00       	call   27 <_liba+0x27>	23: R_X86_64_PLT32	printf-0x4
  27:	90                   	nop
  28:	5d                   	pop    %rbp
  29:	c3                   	ret    
