
libd.o:     file format elf64-x86-64
libd.o
architecture: i386:x86-64, flags 0x00000011:
HAS_RELOC, HAS_SYMS
start address 0x0000000000000000

Sections:
Idx Name                   Size      VMA               LMA               File off  Algn  Flags
  0 .text                  00000000  0000000000000000  0000000000000000  00000040  2**0  CONTENTS, ALLOC, LOAD, READONLY, CODE
  1 .data                  00000000  0000000000000000  0000000000000000  00000040  2**0  CONTENTS, ALLOC, LOAD, DATA
  2 .bss                   00000000  0000000000000000  0000000000000000  00000040  2**0  ALLOC
  3 .rodata                00000008  0000000000000000  0000000000000000  00000040  2**0  CONTENTS, ALLOC, LOAD, READONLY, DATA
  4 .text._libd            0000002a  0000000000000000  0000000000000000  00000048  2**0  CONTENTS, ALLOC, LOAD, RELOC, READONLY, CODE
  5 .text._libok           0000002f  0000000000000000  0000000000000000  00000072  2**0  CONTENTS, ALLOC, LOAD, RELOC, READONLY, CODE
  6 .rodata.__FUNCTION__.1 00000006  0000000000000000  0000000000000000  000000a1  2**0  CONTENTS, ALLOC, LOAD, READONLY, DATA
  7 .rodata.__FUNCTION__.0 00000007  0000000000000000  0000000000000000  000000a7  2**0  CONTENTS, ALLOC, LOAD, READONLY, DATA
  8 .comment               00000013  0000000000000000  0000000000000000  000000ae  2**0  CONTENTS, READONLY
  9 .note.GNU-stack        00000000  0000000000000000  0000000000000000  000000c1  2**0  CONTENTS, READONLY
 10 .note.gnu.property     00000030  0000000000000000  0000000000000000  000000c8  2**3  CONTENTS, ALLOC, LOAD, READONLY, DATA
 11 .eh_frame              00000058  0000000000000000  0000000000000000  000000f8  2**3  CONTENTS, ALLOC, LOAD, RELOC, READONLY, DATA
SYMBOL TABLE:
0000000000000000 l    df *ABS*	0000000000000000 libd.c
0000000000000000 l    d  .rodata	0000000000000000 .rodata
0000000000000000 l    d  .text._libd	0000000000000000 .text._libd
0000000000000000 l     O .rodata.__FUNCTION__.1	0000000000000006 __FUNCTION__.1
0000000000000000 l    d  .text._libok	0000000000000000 .text._libok
0000000000000000 l     O .rodata.__FUNCTION__.0	0000000000000007 __FUNCTION__.0
0000000000000000 l    d  .rodata.__FUNCTION__.1	0000000000000000 .rodata.__FUNCTION__.1
0000000000000000 l    d  .rodata.__FUNCTION__.0	0000000000000000 .rodata.__FUNCTION__.0
0000000000000000 g     F .text._libd	000000000000002a _libd
0000000000000000         *UND*	0000000000000000 _GLOBAL_OFFSET_TABLE_
0000000000000000         *UND*	0000000000000000 printf
0000000000000000 g     F .text._libok	000000000000002f _libok
0000000000000000         *UND*	0000000000000000 _liba



Disassembly of section .text._libd:

0000000000000000 <_libd>:
_libd():
   0:	55                   	push   %rbp
   1:	48 89 e5             	mov    %rsp,%rbp
   4:	ba 05 00 00 00       	mov    $0x5,%edx
   9:	48 8d 05 00 00 00 00 	lea    0x0(%rip),%rax        # 10 <_libd+0x10>	c: R_X86_64_PC32	.rodata.__FUNCTION__.1-0x4
  10:	48 89 c6             	mov    %rax,%rsi
  13:	48 8d 05 00 00 00 00 	lea    0x0(%rip),%rax        # 1a <_libd+0x1a>	16: R_X86_64_PC32	.rodata-0x4
  1a:	48 89 c7             	mov    %rax,%rdi
  1d:	b8 00 00 00 00       	mov    $0x0,%eax
  22:	e8 00 00 00 00       	call   27 <_libd+0x27>	23: R_X86_64_PLT32	printf-0x4
  27:	90                   	nop
  28:	5d                   	pop    %rbp
  29:	c3                   	ret    

Disassembly of section .text._libok:

0000000000000000 <_libok>:
_libok():
   0:	55                   	push   %rbp
   1:	48 89 e5             	mov    %rsp,%rbp
   4:	e8 00 00 00 00       	call   9 <_libok+0x9>	5: R_X86_64_PLT32	_liba-0x4
   9:	ba 0c 00 00 00       	mov    $0xc,%edx
   e:	48 8d 05 00 00 00 00 	lea    0x0(%rip),%rax        # 15 <_libok+0x15>	11: R_X86_64_PC32	.rodata.__FUNCTION__.0-0x4
  15:	48 89 c6             	mov    %rax,%rsi
  18:	48 8d 05 00 00 00 00 	lea    0x0(%rip),%rax        # 1f <_libok+0x1f>	1b: R_X86_64_PC32	.rodata-0x4
  1f:	48 89 c7             	mov    %rax,%rdi
  22:	b8 00 00 00 00       	mov    $0x0,%eax
  27:	e8 00 00 00 00       	call   2c <_libok+0x2c>	28: R_X86_64_PLT32	printf-0x4
  2c:	90                   	nop
  2d:	5d                   	pop    %rbp
  2e:	c3                   	ret    
